INFO:     Will watch for changes in these directories: ['C:\\Pavani\\AuditApp\\backend']
INFO:     Uvicorn running on http://127.0.0.1:8000 (Press CTRL+C to quit)
INFO:     Started reloader process [13668] using StatReload
INFO:     Started server process [23028]
INFO:     Waiting for application startup.
INFO:     Application startup complete.
WARNING:  StatReload detected changes in 'app\main.py'. Reloading...
INFO:     Shutting down
INFO:     Waiting for application shutdown.
INFO:     Application shutdown complete.
INFO:     Finished server process [23028]
INFO:     Started server process [25196]
INFO:     Waiting for application startup.
INFO:     Application startup complete.
WARNING:  StatReload detected changes in 'seed.py'. Reloading...
INFO:     Shutting down
INFO:     Waiting for connections to close. (CTRL+C to force quit)
INFO:     Waiting for application shutdown.
INFO:     Application shutdown complete.
INFO:     Finished server process [25196]
INFO:     Started server process [24488]
INFO:     Waiting for application startup.
INFO:     Application startup complete.
WARNING:  StatReload detected changes in 'seed.py'. Reloading...
INFO:     Shutting down
INFO:     Waiting for application shutdown.
INFO:     Application shutdown complete.
INFO:     Finished server process [24488]
INFO:     Started server process [25180]
INFO:     Waiting for application startup.
INFO:     Application startup complete.
C:\Pavani\AuditApp\backend\venv\lib\python3.10\site-packages\starlette\background.py:26: RuntimeWarning: coroutine 'send_smtp_email' was never awaited
  await self.func(*self.args, **self.kwargs)
RuntimeWarning: Enable tracemalloc to get the object allocation traceback
WARNING:  StatReload detected changes in 'seed.py'. Reloading...
INFO:     Shutting down
INFO:     Waiting for application shutdown.
INFO:     Application shutdown complete.
INFO:     Finished server process [25180]
INFO:     Started server process [14596]
INFO:     Waiting for application startup.
INFO:     Application startup complete.
C:\Pavani\AuditApp\backend\venv\lib\python3.10\site-packages\starlette\background.py:26: RuntimeWarning: coroutine 'send_smtp_email' was never awaited
  await self.func(*self.args, **self.kwargs)
RuntimeWarning: Enable tracemalloc to get the object allocation traceback
WARNING:  StatReload detected changes in 'app\email_service.py'. Reloading...
INFO:     Shutting down
INFO:     Waiting for application shutdown.
INFO:     Application shutdown complete.
INFO:     Finished server process [14596]
INFO:     Started server process [22088]
INFO:     Waiting for application startup.
INFO:     Application startup complete.
ERROR:    Exception in ASGI application
Traceback (most recent call last):
  File "C:\Pavani\AuditApp\backend\app\email_service.py", line 29, in _send_smtp_blocking
    server = smtplib.SMTP(settings.SMTP_HOST, settings.SMTP_PORT)
  File "C:\msys64\mingw64\lib\python3.10\smtplib.py", line 255, in __init__
    (code, msg) = self.connect(host, port)
  File "C:\msys64\mingw64\lib\python3.10\smtplib.py", line 341, in connect
    self.sock = self._get_socket(host, port, self.timeout)
  File "C:\msys64\mingw64\lib\python3.10\smtplib.py", line 312, in _get_socket
    return socket.create_connection((host, port), timeout,
  File "C:\msys64\mingw64\lib\python3.10\socket.py", line 845, in create_connection
    raise err
  File "C:\msys64\mingw64\lib\python3.10\socket.py", line 833, in create_connection
    sock.connect(sa)
TimeoutError: [WinError 10060] A connection attempt failed because the connected party did not properly respond after a period of time, or established connection failed because connected host has failed to respond

During handling of the above exception, another exception occurred:

Traceback (most recent call last):
  File "C:\Pavani\AuditApp\backend\venv\lib\python3.10\site-packages\uvicorn\protocols\http\h11_impl.py", line 428, in run_asgi
    result = await app(  # type: ignore[func-returns-value]
  File "C:\Pavani\AuditApp\backend\venv\lib\python3.10\site-packages\uvicorn\middleware\proxy_headers.py", line 78, in __call__
    return await self.app(scope, receive, send)
  File "C:\Pavani\AuditApp\backend\venv\lib\python3.10\site-packages\fastapi\applications.py", line 276, in __call__
    await super().__call__(scope, receive, send)
  File "C:\Pavani\AuditApp\backend\venv\lib\python3.10\site-packages\starlette\applications.py", line 122, in __call__
    await self.middleware_stack(scope, receive, send)
  File "C:\Pavani\AuditApp\backend\venv\lib\python3.10\site-packages\starlette\middleware\errors.py", line 184, in __call__
    raise exc
  File "C:\Pavani\AuditApp\backend\venv\lib\python3.10\site-packages\starlette\middleware\errors.py", line 162, in __call__
    await self.app(scope, receive, _send)
  File "C:\Pavani\AuditApp\backend\venv\lib\python3.10\site-packages\starlette\middleware\cors.py", line 91, in __call__
    await self.simple_response(scope, receive, send, request_headers=headers)
  File "C:\Pavani\AuditApp\backend\venv\lib\python3.10\site-packages\starlette\middleware\cors.py", line 146, in simple_response
    await self.app(scope, receive, send)
  File "C:\Pavani\AuditApp\backend\venv\lib\python3.10\site-packages\starlette\middleware\exceptions.py", line 79, in __call__
    raise exc
  File "C:\Pavani\AuditApp\backend\venv\lib\python3.10\site-packages\starlette\middleware\exceptions.py", line 68, in __call__
    await self.app(scope, receive, sender)
  File "C:\Pavani\AuditApp\backend\venv\lib\python3.10\site-packages\fastapi\middleware\asyncexitstack.py", line 21, in __call__
    raise e
  File "C:\Pavani\AuditApp\backend\venv\lib\python3.10\site-packages\fastapi\middleware\asyncexitstack.py", line 18, in __call__
    await self.app(scope, receive, send)
  File "C:\Pavani\AuditApp\backend\venv\lib\python3.10\site-packages\starlette\routing.py", line 718, in __call__
    await route.handle(scope, receive, send)
  File "C:\Pavani\AuditApp\backend\venv\lib\python3.10\site-packages\starlette\routing.py", line 276, in handle
    await self.app(scope, receive, send)
  File "C:\Pavani\AuditApp\backend\venv\lib\python3.10\site-packages\starlette\routing.py", line 69, in app
    await response(scope, receive, send)
  File "C:\Pavani\AuditApp\backend\venv\lib\python3.10\site-packages\starlette\responses.py", line 174, in __call__
    await self.background()
  File "C:\Pavani\AuditApp\backend\venv\lib\python3.10\site-packages\starlette\background.py", line 43, in __call__
    await task()
  File "C:\Pavani\AuditApp\backend\venv\lib\python3.10\site-packages\starlette\background.py", line 26, in __call__
    await self.func(*self.args, **self.kwargs)
  File "C:\Pavani\AuditApp\backend\app\email_service.py", line 112, in send_remarks_notification
    return await send_smtp_email(auditor_email, subject, body_text, body_html)
  File "C:\Pavani\AuditApp\backend\app\email_service.py", line 44, in send_smtp_email
    return await asyncio.to_thread(_send_smtp_blocking, to_email, subject, body_text, body_html)
  File "C:\msys64\mingw64\lib\python3.10\asyncio\threads.py", line 25, in to_thread
    return await loop.run_in_executor(None, func_call)
  File "C:\msys64\mingw64\lib\python3.10\concurrent\futures\thread.py", line 58, in run
    result = self.fn(*self.args, **self.kwargs)
  File "C:\Pavani\AuditApp\backend\app\email_service.py", line 38, in _send_smtp_blocking
    print(f"  \u2717 SMTP ERROR: {e}\n")
  File "C:\msys64\mingw64\lib\python3.10\encodings\cp1252.py", line 19, in encode
    return codecs.charmap_encode(input,self.errors,encoding_table)[0]
UnicodeEncodeError: 'charmap' codec can't encode character '\u2717' in position 2: character maps to <undefined>
ERROR:    Exception in ASGI application
Traceback (most recent call last):
  File "C:\Pavani\AuditApp\backend\app\email_service.py", line 29, in _send_smtp_blocking
    server = smtplib.SMTP(settings.SMTP_HOST, settings.SMTP_PORT)
  File "C:\msys64\mingw64\lib\python3.10\smtplib.py", line 255, in __init__
    (code, msg) = self.connect(host, port)
  File "C:\msys64\mingw64\lib\python3.10\smtplib.py", line 341, in connect
    self.sock = self._get_socket(host, port, self.timeout)
  File "C:\msys64\mingw64\lib\python3.10\smtplib.py", line 312, in _get_socket
    return socket.create_connection((host, port), timeout,
  File "C:\msys64\mingw64\lib\python3.10\socket.py", line 845, in create_connection
    raise err
  File "C:\msys64\mingw64\lib\python3.10\socket.py", line 833, in create_connection
    sock.connect(sa)
TimeoutError: [WinError 10060] A connection attempt failed because the connected party did not properly respond after a period of time, or established connection failed because connected host has failed to respond

During handling of the above exception, another exception occurred:

Traceback (most recent call last):
  File "C:\Pavani\AuditApp\backend\venv\lib\python3.10\site-packages\uvicorn\protocols\http\h11_impl.py", line 428, in run_asgi
    result = await app(  # type: ignore[func-returns-value]
  File "C:\Pavani\AuditApp\backend\venv\lib\python3.10\site-packages\uvicorn\middleware\proxy_headers.py", line 78, in __call__
    return await self.app(scope, receive, send)
  File "C:\Pavani\AuditApp\backend\venv\lib\python3.10\site-packages\fastapi\applications.py", line 276, in __call__
    await super().__call__(scope, receive, send)
  File "C:\Pavani\AuditApp\backend\venv\lib\python3.10\site-packages\starlette\applications.py", line 122, in __call__
    await self.middleware_stack(scope, receive, send)
  File "C:\Pavani\AuditApp\backend\venv\lib\python3.10\site-packages\starlette\middleware\errors.py", line 184, in __call__
    raise exc
  File "C:\Pavani\AuditApp\backend\venv\lib\python3.10\site-packages\starlette\middleware\errors.py", line 162, in __call__
    await self.app(scope, receive, _send)
  File "C:\Pavani\AuditApp\backend\venv\lib\python3.10\site-packages\starlette\middleware\cors.py", line 91, in __call__
    await self.simple_response(scope, receive, send, request_headers=headers)
  File "C:\Pavani\AuditApp\backend\venv\lib\python3.10\site-packages\starlette\middleware\cors.py", line 146, in simple_response
    await self.app(scope, receive, send)
  File "C:\Pavani\AuditApp\backend\venv\lib\python3.10\site-packages\starlette\middleware\exceptions.py", line 79, in __call__
    raise exc
  File "C:\Pavani\AuditApp\backend\venv\lib\python3.10\site-packages\starlette\middleware\exceptions.py", line 68, in __call__
    await self.app(scope, receive, sender)
  File "C:\Pavani\AuditApp\backend\venv\lib\python3.10\site-packages\fastapi\middleware\asyncexitstack.py", line 21, in __call__
    raise e
  File "C:\Pavani\AuditApp\backend\venv\lib\python3.10\site-packages\fastapi\middleware\asyncexitstack.py", line 18, in __call__
    await self.app(scope, receive, send)
  File "C:\Pavani\AuditApp\backend\venv\lib\python3.10\site-packages\starlette\routing.py", line 718, in __call__
    await route.handle(scope, receive, send)
  File "C:\Pavani\AuditApp\backend\venv\lib\python3.10\site-packages\starlette\routing.py", line 276, in handle
    await self.app(scope, receive, send)
  File "C:\Pavani\AuditApp\backend\venv\lib\python3.10\site-packages\starlette\routing.py", line 69, in app
    await response(scope, receive, send)
  File "C:\Pavani\AuditApp\backend\venv\lib\python3.10\site-packages\starlette\responses.py", line 174, in __call__
    await self.background()
  File "C:\Pavani\AuditApp\backend\venv\lib\python3.10\site-packages\starlette\background.py", line 43, in __call__
    await task()
  File "C:\Pavani\AuditApp\backend\venv\lib\python3.10\site-packages\starlette\background.py", line 26, in __call__
    await self.func(*self.args, **self.kwargs)
  File "C:\Pavani\AuditApp\backend\app\email_service.py", line 78, in send_audit_notification
    return await send_smtp_email(teacher_email, subject, body_text, body_html)
  File "C:\Pavani\AuditApp\backend\app\email_service.py", line 44, in send_smtp_email
    return await asyncio.to_thread(_send_smtp_blocking, to_email, subject, body_text, body_html)
  File "C:\msys64\mingw64\lib\python3.10\asyncio\threads.py", line 25, in to_thread
    return await loop.run_in_executor(None, func_call)
  File "C:\msys64\mingw64\lib\python3.10\concurrent\futures\thread.py", line 58, in run
    result = self.fn(*self.args, **self.kwargs)
  File "C:\Pavani\AuditApp\backend\app\email_service.py", line 38, in _send_smtp_blocking
    print(f"  \u2717 SMTP ERROR: {e}\n")
  File "C:\msys64\mingw64\lib\python3.10\encodings\cp1252.py", line 19, in encode
    return codecs.charmap_encode(input,self.errors,encoding_table)[0]
UnicodeEncodeError: 'charmap' codec can't encode character '\u2717' in position 2: character maps to <undefined>
WARNING:  StatReload detected changes in 'app\email_service.py'. Reloading...
INFO:     Shutting down
INFO:     Waiting for application shutdown.
INFO:     Application shutdown complete.
INFO:     Finished server process [22088]
INFO:     Started server process [26792]
INFO:     Waiting for application startup.
INFO:     Application startup complete.
Failed to send email to kp.pavani@gmail.com: [WinError 10060] A connection attempt failed because the connected party did not properly respond after a period of time, or established connection failed because connected host has failed to respond
WARNING:  StatReload detected changes in 'app\email_service.py'. Reloading...
INFO:     Shutting down
INFO:     Waiting for application shutdown.
INFO:     Application shutdown complete.
INFO:     Finished server process [26792]
INFO:     Started server process [18792]
INFO:     Waiting for application startup.
INFO:     Application startup complete.
Failed to send email to kp.pavani@gmail.com: [WinError 10060] A connection attempt failed because the connected party did not properly respond after a period of time, or established connection failed because connected host has failed to respond
WARNING:  StatReload detected changes in 'app\main.py'. Reloading...
INFO:     Shutting down
INFO:     Waiting for application shutdown.
INFO:     Application shutdown complete.
INFO:     Finished server process [18792]
INFO:     Started server process [23840]
INFO:     Waiting for application startup.
INFO:     Application startup complete.
Failed to send email to teacher2@harvest.com: [WinError 10060] A connection attempt failed because the connected party did not properly respond after a period of time, or established connection failed because connected host has failed to respond
Failed to send email to teacher1@harvest.com: [WinError 10060] A connection attempt failed because the connected party did not properly respond after a period of time, or established connection failed because connected host has failed to respond
WARNING:  StatReload detected changes in 'app\main.py'. Reloading...
INFO:     Shutting down
INFO:     Waiting for application shutdown.
INFO:     Application shutdown complete.
INFO:     Finished server process [23840]
INFO:     Started server process [30088]
INFO:     Waiting for application startup.
INFO:     Application startup complete.
WARNING:  StatReload detected changes in 'app\main.py'. Reloading...
INFO:     Shutting down
INFO:     Waiting for application shutdown.
INFO:     Application shutdown complete.
INFO:     Finished server process [30088]
INFO:     Started server process [25132]
INFO:     Waiting for application startup.
INFO:     Application startup complete.
Failed to send email to guru@harvestinternationalschool.in: (535, b'5.7.8 Username and Password not accepted. For more information, go to\n5.7.8  https://support.google.com/mail/?p=BadCredentials d9443c01a7336-2c4328abe7bsm101104515ad.49 - gsmtp')
Failed to send email to pavani.k@harvestinternationalschool.in: (534, b'5.7.9 Application-specific password required. For more information, go to\n5.7.9  https://support.google.com/mail/?p=InvalidSecondFactor d2e1a72fcca58-8434accac96sm11414371b3a.14 - gsmtp')
Failed to send email to pavani.k@harvestinternationalschool.in: (534, b'5.7.9 Application-specific password required. For more information, go to\n5.7.9  https://support.google.com/mail/?p=InvalidSecondFactor 98e67ed59e1d1-37c522a251dsm32377a91.16 - gsmtp')
ERROR:    Exception in ASGI application
Traceback (most recent call last):
  File "C:\Pavani\AuditApp\backend\venv\lib\python3.10\site-packages\sqlalchemy\engine\base.py", line 1968, in _exec_single_context
    self.dialect.do_execute(
  File "C:\Pavani\AuditApp\backend\venv\lib\python3.10\site-packages\sqlalchemy\engine\default.py", line 920, in do_execute
    cursor.execute(statement, parameters)
sqlite3.OperationalError: database is locked

The above exception was the direct cause of the following exception:

Traceback (most recent call last):
  File "C:\Pavani\AuditApp\backend\venv\lib\python3.10\site-packages\uvicorn\protocols\http\h11_impl.py", line 428, in run_asgi
    result = await app(  # type: ignore[func-returns-value]
  File "C:\Pavani\AuditApp\backend\venv\lib\python3.10\site-packages\uvicorn\middleware\proxy_headers.py", line 78, in __call__
    return await self.app(scope, receive, send)
  File "C:\Pavani\AuditApp\backend\venv\lib\python3.10\site-packages\fastapi\applications.py", line 276, in __call__
    await super().__call__(scope, receive, send)
  File "C:\Pavani\AuditApp\backend\venv\lib\python3.10\site-packages\starlette\applications.py", line 122, in __call__
    await self.middleware_stack(scope, receive, send)
  File "C:\Pavani\AuditApp\backend\venv\lib\python3.10\site-packages\starlette\middleware\errors.py", line 184, in __call__
    raise exc
  File "C:\Pavani\AuditApp\backend\venv\lib\python3.10\site-packages\starlette\middleware\errors.py", line 162, in __call__
    await self.app(scope, receive, _send)
  File "C:\Pavani\AuditApp\backend\venv\lib\python3.10\site-packages\starlette\middleware\cors.py", line 91, in __call__
    await self.simple_response(scope, receive, send, request_headers=headers)
  File "C:\Pavani\AuditApp\backend\venv\lib\python3.10\site-packages\starlette\middleware\cors.py", line 146, in simple_response
    await self.app(scope, receive, send)
  File "C:\Pavani\AuditApp\backend\venv\lib\python3.10\site-packages\starlette\middleware\exceptions.py", line 79, in __call__
    raise exc
  File "C:\Pavani\AuditApp\backend\venv\lib\python3.10\site-packages\starlette\middleware\exceptions.py", line 68, in __call__
    await self.app(scope, receive, sender)
  File "C:\Pavani\AuditApp\backend\venv\lib\python3.10\site-packages\fastapi\middleware\asyncexitstack.py", line 21, in __call__
    raise e
  File "C:\Pavani\AuditApp\backend\venv\lib\python3.10\site-packages\fastapi\middleware\asyncexitstack.py", line 18, in __call__
    await self.app(scope, receive, send)
  File "C:\Pavani\AuditApp\backend\venv\lib\python3.10\site-packages\starlette\routing.py", line 718, in __call__
    await route.handle(scope, receive, send)
  File "C:\Pavani\AuditApp\backend\venv\lib\python3.10\site-packages\starlette\routing.py", line 276, in handle
    await self.app(scope, receive, send)
  File "C:\Pavani\AuditApp\backend\venv\lib\python3.10\site-packages\starlette\routing.py", line 66, in app
    response = await func(request)
  File "C:\Pavani\AuditApp\backend\venv\lib\python3.10\site-packages\fastapi\routing.py", line 237, in app
    raw_response = await run_endpoint_function(
  File "C:\Pavani\AuditApp\backend\venv\lib\python3.10\site-packages\fastapi\routing.py", line 163, in run_endpoint_function
    return await dependant.call(**values)
  File "C:\Pavani\AuditApp\backend\app\main.py", line 120, in submit_observation
    obs = crud.create_observation(db, obs_in, current_user.id)
  File "C:\Pavani\AuditApp\backend\app\crud.py", line 106, in create_observation
    db.commit()
  File "C:\Pavani\AuditApp\backend\venv\lib\python3.10\site-packages\sqlalchemy\orm\session.py", line 1906, in commit
    trans.commit(_to_root=True)
  File "<string>", line 2, in commit
  File "C:\Pavani\AuditApp\backend\venv\lib\python3.10\site-packages\sqlalchemy\orm\state_changes.py", line 137, in _go
    ret_value = fn(self, *arg, **kw)
  File "C:\Pavani\AuditApp\backend\venv\lib\python3.10\site-packages\sqlalchemy\orm\session.py", line 1221, in commit
    self._prepare_impl()
  File "<string>", line 2, in _prepare_impl
  File "C:\Pavani\AuditApp\backend\venv\lib\python3.10\site-packages\sqlalchemy\orm\state_changes.py", line 137, in _go
    ret_value = fn(self, *arg, **kw)
  File "C:\Pavani\AuditApp\backend\venv\lib\python3.10\site-packages\sqlalchemy\orm\session.py", line 1196, in _prepare_impl
    self.session.flush()
  File "C:\Pavani\AuditApp\backend\venv\lib\python3.10\site-packages\sqlalchemy\orm\session.py", line 4154, in flush
    self._flush(objects)
  File "C:\Pavani\AuditApp\backend\venv\lib\python3.10\site-packages\sqlalchemy\orm\session.py", line 4290, in _flush
    with util.safe_reraise():
  File "C:\Pavani\AuditApp\backend\venv\lib\python3.10\site-packages\sqlalchemy\util\langhelpers.py", line 147, in __exit__
    raise exc_value.with_traceback(exc_tb)
  File "C:\Pavani\AuditApp\backend\venv\lib\python3.10\site-packages\sqlalchemy\orm\session.py", line 4251, in _flush
    flush_context.execute()
  File "C:\Pavani\AuditApp\backend\venv\lib\python3.10\site-packages\sqlalchemy\orm\unitofwork.py", line 467, in execute
    rec.execute(self)
  File "C:\Pavani\AuditApp\backend\venv\lib\python3.10\site-packages\sqlalchemy\orm\unitofwork.py", line 644, in execute
    util.preloaded.orm_persistence.save_obj(
  File "C:\Pavani\AuditApp\backend\venv\lib\python3.10\site-packages\sqlalchemy\orm\persistence.py", line 93, in save_obj
    _emit_insert_statements(
  File "C:\Pavani\AuditApp\backend\venv\lib\python3.10\site-packages\sqlalchemy\orm\persistence.py", line 1223, in _emit_insert_statements
    result = connection.execute(
  File "C:\Pavani\AuditApp\backend\venv\lib\python3.10\site-packages\sqlalchemy\engine\base.py", line 1413, in execute
    return meth(
  File "C:\Pavani\AuditApp\backend\venv\lib\python3.10\site-packages\sqlalchemy\sql\elements.py", line 483, in _execute_on_connection
    return connection._execute_clauseelement(
  File "C:\Pavani\AuditApp\backend\venv\lib\python3.10\site-packages\sqlalchemy\engine\base.py", line 1637, in _execute_clauseelement
    ret = self._execute_context(
  File "C:\Pavani\AuditApp\backend\venv\lib\python3.10\site-packages\sqlalchemy\engine\base.py", line 1846, in _execute_context
    return self._exec_single_context(
  File "C:\Pavani\AuditApp\backend\venv\lib\python3.10\site-packages\sqlalchemy\engine\base.py", line 1987, in _exec_single_context
    self._handle_dbapi_exception(
  File "C:\Pavani\AuditApp\backend\venv\lib\python3.10\site-packages\sqlalchemy\engine\base.py", line 2344, in _handle_dbapi_exception
    raise sqlalchemy_exception.with_traceback(exc_info[2]) from e
  File "C:\Pavani\AuditApp\backend\venv\lib\python3.10\site-packages\sqlalchemy\engine\base.py", line 1968, in _exec_single_context
    self.dialect.do_execute(
  File "C:\Pavani\AuditApp\backend\venv\lib\python3.10\site-packages\sqlalchemy\engine\default.py", line 920, in do_execute
    cursor.execute(statement, parameters)
sqlalchemy.exc.OperationalError: (sqlite3.OperationalError) database is locked
[SQL: INSERT INTO observations (unique_id, date_time, auditor_id, teacher_id, school, subject, grade, section, p11, p12, domain1_score, p21, domain2_score, p31, p32, p33, p34, domain3_score, overall_score, rating, infrastructure_issues, other_issues, objective_observations, teacher_remarks, ai_feedback, is_draft, email_sent, remarks_saved) VALUES (?, ?, ?, ?, ?, ?, ?, ?, ?, ?, ?, ?, ?, ?, ?, ?, ?, ?, ?, ?, ?, ?, ?, ?, ?, ?, ?, ?)]
[parameters: ('TEAAUD1506262144ZE', '2026-06-15 16:14:22.052057', 1, 15, 'Kodathi', 'Science', 'Grade 3', 'Section B', 3, 3, 6, 3, 3, 3, 3, 3, 3, 12, 21, 'PROFICIENT', '', '', '', None, None, 1, 0, 0)]
(Background on this error at: https://sqlalche.me/e/20/e3q8)
ERROR:    Exception in ASGI application
Traceback (most recent call last):
  File "C:\Pavani\AuditApp\backend\venv\lib\python3.10\site-packages\sqlalchemy\engine\base.py", line 1968, in _exec_single_context
    self.dialect.do_execute(
  File "C:\Pavani\AuditApp\backend\venv\lib\python3.10\site-packages\sqlalchemy\engine\default.py", line 920, in do_execute
    cursor.execute(statement, parameters)
sqlite3.OperationalError: database is locked

The above exception was the direct cause of the following exception:

Traceback (most recent call last):
  File "C:\Pavani\AuditApp\backend\venv\lib\python3.10\site-packages\uvicorn\protocols\http\h11_impl.py", line 428, in run_asgi
    result = await app(  # type: ignore[func-returns-value]
  File "C:\Pavani\AuditApp\backend\venv\lib\python3.10\site-packages\uvicorn\middleware\proxy_headers.py", line 78, in __call__
    return await self.app(scope, receive, send)
  File "C:\Pavani\AuditApp\backend\venv\lib\python3.10\site-packages\fastapi\applications.py", line 276, in __call__
    await super().__call__(scope, receive, send)
  File "C:\Pavani\AuditApp\backend\venv\lib\python3.10\site-packages\starlette\applications.py", line 122, in __call__
    await self.middleware_stack(scope, receive, send)
  File "C:\Pavani\AuditApp\backend\venv\lib\python3.10\site-packages\starlette\middleware\errors.py", line 184, in __call__
    raise exc
  File "C:\Pavani\AuditApp\backend\venv\lib\python3.10\site-packages\starlette\middleware\errors.py", line 162, in __call__
    await self.app(scope, receive, _send)
  File "C:\Pavani\AuditApp\backend\venv\lib\python3.10\site-packages\starlette\middleware\cors.py", line 91, in __call__
    await self.simple_response(scope, receive, send, request_headers=headers)
  File "C:\Pavani\AuditApp\backend\venv\lib\python3.10\site-packages\starlette\middleware\cors.py", line 146, in simple_response
    await self.app(scope, receive, send)
  File "C:\Pavani\AuditApp\backend\venv\lib\python3.10\site-packages\starlette\middleware\exceptions.py", line 79, in __call__
    raise exc
  File "C:\Pavani\AuditApp\backend\venv\lib\python3.10\site-packages\starlette\middleware\exceptions.py", line 68, in __call__
    await self.app(scope, receive, sender)
  File "C:\Pavani\AuditApp\backend\venv\lib\python3.10\site-packages\fastapi\middleware\asyncexitstack.py", line 21, in __call__
    raise e
  File "C:\Pavani\AuditApp\backend\venv\lib\python3.10\site-packages\fastapi\middleware\asyncexitstack.py", line 18, in __call__
    await self.app(scope, receive, send)
  File "C:\Pavani\AuditApp\backend\venv\lib\python3.10\site-packages\starlette\routing.py", line 718, in __call__
    await route.handle(scope, receive, send)
  File "C:\Pavani\AuditApp\backend\venv\lib\python3.10\site-packages\starlette\routing.py", line 276, in handle
    await self.app(scope, receive, send)
  File "C:\Pavani\AuditApp\backend\venv\lib\python3.10\site-packages\starlette\routing.py", line 66, in app
    response = await func(request)
  File "C:\Pavani\AuditApp\backend\venv\lib\python3.10\site-packages\fastapi\routing.py", line 237, in app
    raw_response = await run_endpoint_function(
  File "C:\Pavani\AuditApp\backend\venv\lib\python3.10\site-packages\fastapi\routing.py", line 163, in run_endpoint_function
    return await dependant.call(**values)
  File "C:\Pavani\AuditApp\backend\app\main.py", line 120, in submit_observation
    obs = crud.create_observation(db, obs_in, current_user.id)
  File "C:\Pavani\AuditApp\backend\app\crud.py", line 106, in create_observation
    db.commit()
  File "C:\Pavani\AuditApp\backend\venv\lib\python3.10\site-packages\sqlalchemy\orm\session.py", line 1906, in commit
    trans.commit(_to_root=True)
  File "<string>", line 2, in commit
  File "C:\Pavani\AuditApp\backend\venv\lib\python3.10\site-packages\sqlalchemy\orm\state_changes.py", line 137, in _go
    ret_value = fn(self, *arg, **kw)
  File "C:\Pavani\AuditApp\backend\venv\lib\python3.10\site-packages\sqlalchemy\orm\session.py", line 1221, in commit
    self._prepare_impl()
  File "<string>", line 2, in _prepare_impl
  File "C:\Pavani\AuditApp\backend\venv\lib\python3.10\site-packages\sqlalchemy\orm\state_changes.py", line 137, in _go
    ret_value = fn(self, *arg, **kw)
  File "C:\Pavani\AuditApp\backend\venv\lib\python3.10\site-packages\sqlalchemy\orm\session.py", line 1196, in _prepare_impl
    self.session.flush()
  File "C:\Pavani\AuditApp\backend\venv\lib\python3.10\site-packages\sqlalchemy\orm\session.py", line 4154, in flush
    self._flush(objects)
  File "C:\Pavani\AuditApp\backend\venv\lib\python3.10\site-packages\sqlalchemy\orm\session.py", line 4290, in _flush
    with util.safe_reraise():
  File "C:\Pavani\AuditApp\backend\venv\lib\python3.10\site-packages\sqlalchemy\util\langhelpers.py", line 147, in __exit__
    raise exc_value.with_traceback(exc_tb)
  File "C:\Pavani\AuditApp\backend\venv\lib\python3.10\site-packages\sqlalchemy\orm\session.py", line 4251, in _flush
    flush_context.execute()
  File "C:\Pavani\AuditApp\backend\venv\lib\python3.10\site-packages\sqlalchemy\orm\unitofwork.py", line 467, in execute
    rec.execute(self)
  File "C:\Pavani\AuditApp\backend\venv\lib\python3.10\site-packages\sqlalchemy\orm\unitofwork.py", line 644, in execute
    util.preloaded.orm_persistence.save_obj(
  File "C:\Pavani\AuditApp\backend\venv\lib\python3.10\site-packages\sqlalchemy\orm\persistence.py", line 93, in save_obj
    _emit_insert_statements(
  File "C:\Pavani\AuditApp\backend\venv\lib\python3.10\site-packages\sqlalchemy\orm\persistence.py", line 1223, in _emit_insert_statements
    result = connection.execute(
  File "C:\Pavani\AuditApp\backend\venv\lib\python3.10\site-packages\sqlalchemy\engine\base.py", line 1413, in execute
    return meth(
  File "C:\Pavani\AuditApp\backend\venv\lib\python3.10\site-packages\sqlalchemy\sql\elements.py", line 483, in _execute_on_connection
    return connection._execute_clauseelement(
  File "C:\Pavani\AuditApp\backend\venv\lib\python3.10\site-packages\sqlalchemy\engine\base.py", line 1637, in _execute_clauseelement
    ret = self._execute_context(
  File "C:\Pavani\AuditApp\backend\venv\lib\python3.10\site-packages\sqlalchemy\engine\base.py", line 1846, in _execute_context
    return self._exec_single_context(
  File "C:\Pavani\AuditApp\backend\venv\lib\python3.10\site-packages\sqlalchemy\engine\base.py", line 1987, in _exec_single_context
    self._handle_dbapi_exception(
  File "C:\Pavani\AuditApp\backend\venv\lib\python3.10\site-packages\sqlalchemy\engine\base.py", line 2344, in _handle_dbapi_exception
    raise sqlalchemy_exception.with_traceback(exc_info[2]) from e
  File "C:\Pavani\AuditApp\backend\venv\lib\python3.10\site-packages\sqlalchemy\engine\base.py", line 1968, in _exec_single_context
    self.dialect.do_execute(
  File "C:\Pavani\AuditApp\backend\venv\lib\python3.10\site-packages\sqlalchemy\engine\default.py", line 920, in do_execute
    cursor.execute(statement, parameters)
sqlalchemy.exc.OperationalError: (sqlite3.OperationalError) database is locked
[SQL: INSERT INTO observations (unique_id, date_time, auditor_id, teacher_id, school, subject, grade, section, p11, p12, domain1_score, p21, domain2_score, p31, p32, p33, p34, domain3_score, overall_score, rating, infrastructure_issues, other_issues, objective_observations, teacher_remarks, ai_feedback, is_draft, email_sent, remarks_saved) VALUES (?, ?, ?, ?, ?, ?, ?, ?, ?, ?, ?, ?, ?, ?, ?, ?, ?, ?, ?, ?, ?, ?, ?, ?, ?, ?, ?, ?)]
[parameters: ('TEAAUD1506262145EP', '2026-06-15 16:15:38.660044', 1, 15, 'Kodathi', 'Science', 'Grade 3', 'Section B', 3, 3, 6, 3, 3, 3, 3, 3, 3, 12, 21, 'PROFICIENT', '', '', '', None, None, 1, 0, 0)]
(Background on this error at: https://sqlalche.me/e/20/e3q8)
ERROR:    Exception in ASGI application
Traceback (most recent call last):
  File "C:\Pavani\AuditApp\backend\venv\lib\python3.10\site-packages\sqlalchemy\engine\base.py", line 1968, in _exec_single_context
    self.dialect.do_execute(
  File "C:\Pavani\AuditApp\backend\venv\lib\python3.10\site-packages\sqlalchemy\engine\default.py", line 920, in do_execute
    cursor.execute(statement, parameters)
sqlite3.OperationalError: database is locked

The above exception was the direct cause of the following exception:

Traceback (most recent call last):
  File "C:\Pavani\AuditApp\backend\venv\lib\python3.10\site-packages\uvicorn\protocols\http\h11_impl.py", line 428, in run_asgi
    result = await app(  # type: ignore[func-returns-value]
  File "C:\Pavani\AuditApp\backend\venv\lib\python3.10\site-packages\uvicorn\middleware\proxy_headers.py", line 78, in __call__
    return await self.app(scope, receive, send)
  File "C:\Pavani\AuditApp\backend\venv\lib\python3.10\site-packages\fastapi\applications.py", line 276, in __call__
    await super().__call__(scope, receive, send)
  File "C:\Pavani\AuditApp\backend\venv\lib\python3.10\site-packages\starlette\applications.py", line 122, in __call__
    await self.middleware_stack(scope, receive, send)
  File "C:\Pavani\AuditApp\backend\venv\lib\python3.10\site-packages\starlette\middleware\errors.py", line 184, in __call__
    raise exc
  File "C:\Pavani\AuditApp\backend\venv\lib\python3.10\site-packages\starlette\middleware\errors.py", line 162, in __call__
    await self.app(scope, receive, _send)
  File "C:\Pavani\AuditApp\backend\venv\lib\python3.10\site-packages\starlette\middleware\cors.py", line 91, in __call__
    await self.simple_response(scope, receive, send, request_headers=headers)
  File "C:\Pavani\AuditApp\backend\venv\lib\python3.10\site-packages\starlette\middleware\cors.py", line 146, in simple_response
    await self.app(scope, receive, send)
  File "C:\Pavani\AuditApp\backend\venv\lib\python3.10\site-packages\starlette\middleware\exceptions.py", line 79, in __call__
    raise exc
  File "C:\Pavani\AuditApp\backend\venv\lib\python3.10\site-packages\starlette\middleware\exceptions.py", line 68, in __call__
    await self.app(scope, receive, sender)
  File "C:\Pavani\AuditApp\backend\venv\lib\python3.10\site-packages\fastapi\middleware\asyncexitstack.py", line 21, in __call__
    raise e
  File "C:\Pavani\AuditApp\backend\venv\lib\python3.10\site-packages\fastapi\middleware\asyncexitstack.py", line 18, in __call__
    await self.app(scope, receive, send)
  File "C:\Pavani\AuditApp\backend\venv\lib\python3.10\site-packages\starlette\routing.py", line 718, in __call__
    await route.handle(scope, receive, send)
  File "C:\Pavani\AuditApp\backend\venv\lib\python3.10\site-packages\starlette\routing.py", line 276, in handle
    await self.app(scope, receive, send)
  File "C:\Pavani\AuditApp\backend\venv\lib\python3.10\site-packages\starlette\routing.py", line 66, in app
    response = await func(request)
  File "C:\Pavani\AuditApp\backend\venv\lib\python3.10\site-packages\fastapi\routing.py", line 237, in app
    raw_response = await run_endpoint_function(
  File "C:\Pavani\AuditApp\backend\venv\lib\python3.10\site-packages\fastapi\routing.py", line 163, in run_endpoint_function
    return await dependant.call(**values)
  File "C:\Pavani\AuditApp\backend\app\main.py", line 120, in submit_observation
    obs = crud.create_observation(db, obs_in, current_user.id)
  File "C:\Pavani\AuditApp\backend\app\crud.py", line 106, in create_observation
    db.commit()
  File "C:\Pavani\AuditApp\backend\venv\lib\python3.10\site-packages\sqlalchemy\orm\session.py", line 1906, in commit
    trans.commit(_to_root=True)
  File "<string>", line 2, in commit
  File "C:\Pavani\AuditApp\backend\venv\lib\python3.10\site-packages\sqlalchemy\orm\state_changes.py", line 137, in _go
    ret_value = fn(self, *arg, **kw)
  File "C:\Pavani\AuditApp\backend\venv\lib\python3.10\site-packages\sqlalchemy\orm\session.py", line 1221, in commit
    self._prepare_impl()
  File "<string>", line 2, in _prepare_impl
  File "C:\Pavani\AuditApp\backend\venv\lib\python3.10\site-packages\sqlalchemy\orm\state_changes.py", line 137, in _go
    ret_value = fn(self, *arg, **kw)
  File "C:\Pavani\AuditApp\backend\venv\lib\python3.10\site-packages\sqlalchemy\orm\session.py", line 1196, in _prepare_impl
    self.session.flush()
  File "C:\Pavani\AuditApp\backend\venv\lib\python3.10\site-packages\sqlalchemy\orm\session.py", line 4154, in flush
    self._flush(objects)
  File "C:\Pavani\AuditApp\backend\venv\lib\python3.10\site-packages\sqlalchemy\orm\session.py", line 4290, in _flush
    with util.safe_reraise():
  File "C:\Pavani\AuditApp\backend\venv\lib\python3.10\site-packages\sqlalchemy\util\langhelpers.py", line 147, in __exit__
    raise exc_value.with_traceback(exc_tb)
  File "C:\Pavani\AuditApp\backend\venv\lib\python3.10\site-packages\sqlalchemy\orm\session.py", line 4251, in _flush
    flush_context.execute()
  File "C:\Pavani\AuditApp\backend\venv\lib\python3.10\site-packages\sqlalchemy\orm\unitofwork.py", line 467, in execute
    rec.execute(self)
  File "C:\Pavani\AuditApp\backend\venv\lib\python3.10\site-packages\sqlalchemy\orm\unitofwork.py", line 644, in execute
    util.preloaded.orm_persistence.save_obj(
  File "C:\Pavani\AuditApp\backend\venv\lib\python3.10\site-packages\sqlalchemy\orm\persistence.py", line 93, in save_obj
    _emit_insert_statements(
  File "C:\Pavani\AuditApp\backend\venv\lib\python3.10\site-packages\sqlalchemy\orm\persistence.py", line 1223, in _emit_insert_statements
    result = connection.execute(
  File "C:\Pavani\AuditApp\backend\venv\lib\python3.10\site-packages\sqlalchemy\engine\base.py", line 1413, in execute
    return meth(
  File "C:\Pavani\AuditApp\backend\venv\lib\python3.10\site-packages\sqlalchemy\sql\elements.py", line 483, in _execute_on_connection
    return connection._execute_clauseelement(
  File "C:\Pavani\AuditApp\backend\venv\lib\python3.10\site-packages\sqlalchemy\engine\base.py", line 1637, in _execute_clauseelement
    ret = self._execute_context(
  File "C:\Pavani\AuditApp\backend\venv\lib\python3.10\site-packages\sqlalchemy\engine\base.py", line 1846, in _execute_context
    return self._exec_single_context(
  File "C:\Pavani\AuditApp\backend\venv\lib\python3.10\site-packages\sqlalchemy\engine\base.py", line 1987, in _exec_single_context
    self._handle_dbapi_exception(
  File "C:\Pavani\AuditApp\backend\venv\lib\python3.10\site-packages\sqlalchemy\engine\base.py", line 2344, in _handle_dbapi_exception
    raise sqlalchemy_exception.with_traceback(exc_info[2]) from e
  File "C:\Pavani\AuditApp\backend\venv\lib\python3.10\site-packages\sqlalchemy\engine\base.py", line 1968, in _exec_single_context
    self.dialect.do_execute(
  File "C:\Pavani\AuditApp\backend\venv\lib\python3.10\site-packages\sqlalchemy\engine\default.py", line 920, in do_execute
    cursor.execute(statement, parameters)
sqlalchemy.exc.OperationalError: (sqlite3.OperationalError) database is locked
[SQL: INSERT INTO observations (unique_id, date_time, auditor_id, teacher_id, school, subject, grade, section, p11, p12, domain1_score, p21, domain2_score, p31, p32, p33, p34, domain3_score, overall_score, rating, infrastructure_issues, other_issues, objective_observations, teacher_remarks, ai_feedback, is_draft, email_sent, remarks_saved) VALUES (?, ?, ?, ?, ?, ?, ?, ?, ?, ?, ?, ?, ?, ?, ?, ?, ?, ?, ?, ?, ?, ?, ?, ?, ?, ?, ?, ?)]
[parameters: ('TEAAUD1506262147SO', '2026-06-15 16:17:59.571233', 1, 15, 'Kodathi', 'Science', 'Grade 3', 'Section A', 3, 2, 5, 3, 3, 2, 3, 3, 3, 11, 19, 'PROFICIENT', '', '', '', None, None, 1, 0, 0)]
(Background on this error at: https://sqlalche.me/e/20/e3q8)
ERROR:    Exception in ASGI application
Traceback (most recent call last):
  File "C:\Pavani\AuditApp\backend\venv\lib\python3.10\site-packages\sqlalchemy\engine\base.py", line 1968, in _exec_single_context
    self.dialect.do_execute(
  File "C:\Pavani\AuditApp\backend\venv\lib\python3.10\site-packages\sqlalchemy\engine\default.py", line 920, in do_execute
    cursor.execute(statement, parameters)
sqlite3.OperationalError: database is locked

The above exception was the direct cause of the following exception:

Traceback (most recent call last):
  File "C:\Pavani\AuditApp\backend\venv\lib\python3.10\site-packages\uvicorn\protocols\http\h11_impl.py", line 428, in run_asgi
    result = await app(  # type: ignore[func-returns-value]
  File "C:\Pavani\AuditApp\backend\venv\lib\python3.10\site-packages\uvicorn\middleware\proxy_headers.py", line 78, in __call__
    return await self.app(scope, receive, send)
  File "C:\Pavani\AuditApp\backend\venv\lib\python3.10\site-packages\fastapi\applications.py", line 276, in __call__
    await super().__call__(scope, receive, send)
  File "C:\Pavani\AuditApp\backend\venv\lib\python3.10\site-packages\starlette\applications.py", line 122, in __call__
    await self.middleware_stack(scope, receive, send)
  File "C:\Pavani\AuditApp\backend\venv\lib\python3.10\site-packages\starlette\middleware\errors.py", line 184, in __call__
    raise exc
  File "C:\Pavani\AuditApp\backend\venv\lib\python3.10\site-packages\starlette\middleware\errors.py", line 162, in __call__
    await self.app(scope, receive, _send)
  File "C:\Pavani\AuditApp\backend\venv\lib\python3.10\site-packages\starlette\middleware\cors.py", line 83, in __call__
    await self.app(scope, receive, send)
  File "C:\Pavani\AuditApp\backend\venv\lib\python3.10\site-packages\starlette\middleware\exceptions.py", line 79, in __call__
    raise exc
  File "C:\Pavani\AuditApp\backend\venv\lib\python3.10\site-packages\starlette\middleware\exceptions.py", line 68, in __call__
    await self.app(scope, receive, sender)
  File "C:\Pavani\AuditApp\backend\venv\lib\python3.10\site-packages\fastapi\middleware\asyncexitstack.py", line 21, in __call__
    raise e
  File "C:\Pavani\AuditApp\backend\venv\lib\python3.10\site-packages\fastapi\middleware\asyncexitstack.py", line 18, in __call__
    await self.app(scope, receive, send)
  File "C:\Pavani\AuditApp\backend\venv\lib\python3.10\site-packages\starlette\routing.py", line 718, in __call__
    await route.handle(scope, receive, send)
  File "C:\Pavani\AuditApp\backend\venv\lib\python3.10\site-packages\starlette\routing.py", line 276, in handle
    await self.app(scope, receive, send)
  File "C:\Pavani\AuditApp\backend\venv\lib\python3.10\site-packages\starlette\routing.py", line 66, in app
    response = await func(request)
  File "C:\Pavani\AuditApp\backend\venv\lib\python3.10\site-packages\fastapi\routing.py", line 237, in app
    raw_response = await run_endpoint_function(
  File "C:\Pavani\AuditApp\backend\venv\lib\python3.10\site-packages\fastapi\routing.py", line 163, in run_endpoint_function
    return await dependant.call(**values)
  File "C:\Pavani\AuditApp\backend\app\main.py", line 120, in submit_observation
    obs = crud.create_observation(db, obs_in, current_user.id)
  File "C:\Pavani\AuditApp\backend\app\crud.py", line 106, in create_observation
    db.commit()
  File "C:\Pavani\AuditApp\backend\venv\lib\python3.10\site-packages\sqlalchemy\orm\session.py", line 1906, in commit
    trans.commit(_to_root=True)
  File "<string>", line 2, in commit
  File "C:\Pavani\AuditApp\backend\venv\lib\python3.10\site-packages\sqlalchemy\orm\state_changes.py", line 137, in _go
    ret_value = fn(self, *arg, **kw)
  File "C:\Pavani\AuditApp\backend\venv\lib\python3.10\site-packages\sqlalchemy\orm\session.py", line 1221, in commit
    self._prepare_impl()
  File "<string>", line 2, in _prepare_impl
  File "C:\Pavani\AuditApp\backend\venv\lib\python3.10\site-packages\sqlalchemy\orm\state_changes.py", line 137, in _go
    ret_value = fn(self, *arg, **kw)
  File "C:\Pavani\AuditApp\backend\venv\lib\python3.10\site-packages\sqlalchemy\orm\session.py", line 1196, in _prepare_impl
    self.session.flush()
  File "C:\Pavani\AuditApp\backend\venv\lib\python3.10\site-packages\sqlalchemy\orm\session.py", line 4154, in flush
    self._flush(objects)
  File "C:\Pavani\AuditApp\backend\venv\lib\python3.10\site-packages\sqlalchemy\orm\session.py", line 4290, in _flush
    with util.safe_reraise():
  File "C:\Pavani\AuditApp\backend\venv\lib\python3.10\site-packages\sqlalchemy\util\langhelpers.py", line 147, in __exit__
    raise exc_value.with_traceback(exc_tb)
  File "C:\Pavani\AuditApp\backend\venv\lib\python3.10\site-packages\sqlalchemy\orm\session.py", line 4251, in _flush
    flush_context.execute()
  File "C:\Pavani\AuditApp\backend\venv\lib\python3.10\site-packages\sqlalchemy\orm\unitofwork.py", line 467, in execute
    rec.execute(self)
  File "C:\Pavani\AuditApp\backend\venv\lib\python3.10\site-packages\sqlalchemy\orm\unitofwork.py", line 644, in execute
    util.preloaded.orm_persistence.save_obj(
  File "C:\Pavani\AuditApp\backend\venv\lib\python3.10\site-packages\sqlalchemy\orm\persistence.py", line 93, in save_obj
    _emit_insert_statements(
  File "C:\Pavani\AuditApp\backend\venv\lib\python3.10\site-packages\sqlalchemy\orm\persistence.py", line 1223, in _emit_insert_statements
    result = connection.execute(
  File "C:\Pavani\AuditApp\backend\venv\lib\python3.10\site-packages\sqlalchemy\engine\base.py", line 1413, in execute
    return meth(
  File "C:\Pavani\AuditApp\backend\venv\lib\python3.10\site-packages\sqlalchemy\sql\elements.py", line 483, in _execute_on_connection
    return connection._execute_clauseelement(
  File "C:\Pavani\AuditApp\backend\venv\lib\python3.10\site-packages\sqlalchemy\engine\base.py", line 1637, in _execute_clauseelement
    ret = self._execute_context(
  File "C:\Pavani\AuditApp\backend\venv\lib\python3.10\site-packages\sqlalchemy\engine\base.py", line 1846, in _execute_context
    return self._exec_single_context(
  File "C:\Pavani\AuditApp\backend\venv\lib\python3.10\site-packages\sqlalchemy\engine\base.py", line 1987, in _exec_single_context
    self._handle_dbapi_exception(
  File "C:\Pavani\AuditApp\backend\venv\lib\python3.10\site-packages\sqlalchemy\engine\base.py", line 2344, in _handle_dbapi_exception
    raise sqlalchemy_exception.with_traceback(exc_info[2]) from e
  File "C:\Pavani\AuditApp\backend\venv\lib\python3.10\site-packages\sqlalchemy\engine\base.py", line 1968, in _exec_single_context
    self.dialect.do_execute(
  File "C:\Pavani\AuditApp\backend\venv\lib\python3.10\site-packages\sqlalchemy\engine\default.py", line 920, in do_execute
    cursor.execute(statement, parameters)
sqlalchemy.exc.OperationalError: (sqlite3.OperationalError) database is locked
[SQL: INSERT INTO observations (unique_id, date_time, auditor_id, teacher_id, school, subject, grade, section, p11, p12, domain1_score, p21, domain2_score, p31, p32, p33, p34, domain3_score, overall_score, rating, infrastructure_issues, other_issues, objective_observations, teacher_remarks, ai_feedback, is_draft, email_sent, remarks_saved) VALUES (?, ?, ?, ?, ?, ?, ?, ?, ?, ?, ?, ?, ?, ?, ?, ?, ?, ?, ?, ?, ?, ?, ?, ?, ?, ?, ?, ?)]
[parameters: ('TEAAUD1506262152AT', '2026-06-15 16:22:33.013470', 1, 15, 'Kodathi', 'Mathematics', 'Grade 5', 'Section A', 3, 3, 6, 3, 3, 3, 3, 3, 3, 12, 21, 'PROFICIENT', '', '', '', None, None, 1, 0, 0)]
(Background on this error at: https://sqlalche.me/e/20/e3q8)
Failed to send email to kp.pavani@gmail.com: (534, b'5.7.9 Application-specific password required. For more information, go to\n5.7.9  https://support.google.com/mail/?p=InvalidSecondFactor d2e1a72fcca58-8434ac9df57sm10843937b3a.7 - gsmtp')
Failed to send email to kp.pavani@gmail.com: (534, b'5.7.9 Application-specific password required. For more information, go to\n5.7.9  https://support.google.com/mail/?p=InvalidSecondFactor 98e67ed59e1d1-37c521ef7e3sm134852a91.10 - gsmtp')
Failed to send email to kp.pavani@gmail.com: (534, b'5.7.9 Application-specific password required. For more information, go to\n5.7.9  https://support.google.com/mail/?p=InvalidSecondFactor d2e1a72fcca58-8434afc825csm10421257b3a.36 - gsmtp')
Failed to send email to guru@harvestinternationalschool.in: (534, b'5.7.9 Application-specific password required. For more information, go to\n5.7.9  https://support.google.com/mail/?p=InvalidSecondFactor 98e67ed59e1d1-37c522136cesm177013a91.14 - gsmtp')
WARNING:  StatReload detected changes in 'app\database.py'. Reloading...
INFO:     Shutting down
INFO:     Waiting for connections to close. (CTRL+C to force quit)
INFO:     Waiting for application shutdown.
INFO:     Application shutdown complete.
INFO:     Finished server process [25132]
INFO:     Started server process [20528]
INFO:     Waiting for application startup.
INFO:     Application startup complete.
WARNING:  StatReload detected changes in 'app\config.py'. Reloading...
INFO:     Shutting down
INFO:     Waiting for application shutdown.
INFO:     Application shutdown complete.
INFO:     Finished server process [20528]
Process SpawnProcess-13:
Traceback (most recent call last):
  File "C:\msys64\mingw64\lib\python3.10\multiprocessing\process.py", line 314, in _bootstrap
    self.run()
  File "C:\msys64\mingw64\lib\python3.10\multiprocessing\process.py", line 108, in run
    self._target(*self._args, **self._kwargs)
  File "C:\Pavani\AuditApp\backend\venv\lib\python3.10\site-packages\uvicorn\_subprocess.py", line 76, in subprocess_started
    target(sockets=sockets)
  File "C:\Pavani\AuditApp\backend\venv\lib\python3.10\site-packages\uvicorn\server.py", line 61, in run
    return asyncio.run(self.serve(sockets=sockets))
  File "C:\msys64\mingw64\lib\python3.10\asyncio\runners.py", line 44, in run
    return loop.run_until_complete(main)
  File "C:\msys64\mingw64\lib\python3.10\asyncio\base_events.py", line 646, in run_until_complete
    return future.result()
  File "C:\Pavani\AuditApp\backend\venv\lib\python3.10\site-packages\uvicorn\server.py", line 68, in serve
    config.load()
  File "C:\Pavani\AuditApp\backend\venv\lib\python3.10\site-packages\uvicorn\config.py", line 473, in load
    self.loaded_app = import_from_string(self.app)
  File "C:\Pavani\AuditApp\backend\venv\lib\python3.10\site-packages\uvicorn\importer.py", line 24, in import_from_string
    raise exc from None
  File "C:\Pavani\AuditApp\backend\venv\lib\python3.10\site-packages\uvicorn\importer.py", line 21, in import_from_string
    module = importlib.import_module(module_str)
  File "C:\msys64\mingw64\lib\python3.10\importlib\__init__.py", line 126, in import_module
    return _bootstrap._gcd_import(name[level:], package, level)
  File "<frozen importlib._bootstrap>", line 1050, in _gcd_import
  File "<frozen importlib._bootstrap>", line 1027, in _find_and_load
  File "<frozen importlib._bootstrap>", line 1006, in _find_and_load_unlocked
  File "<frozen importlib._bootstrap>", line 688, in _load_unlocked
  File "<frozen importlib._bootstrap_external>", line 887, in exec_module
  File "<frozen importlib._bootstrap>", line 241, in _call_with_frames_removed
  File "C:\Pavani\AuditApp\backend\app\main.py", line 12, in <module>
    from .config import settings
  File "C:\Pavani\AuditApp\backend\app\config.py", line 1, in <module>
    from pydantic_settings import BaseSettings
ModuleNotFoundError: No module named 'pydantic_settings'
